2025-11-11 23:05:32,095 [INFO] flexload - Config loaded from FlexLoad-Code/configs/default.yaml
2025-11-11 23:05:32,642 [INFO] flexload - Run 1/1 starting...
2025-11-11 23:05:33,513 [INFO] flexload - Run 1 throughput=1.0000, achieve=13, fail=0
2025-11-11 23:05:33,609 [INFO] flexload - Simulation finished. summary={'model': 'KaiS', 'run_times': 1, 'break_point': 200, 'cho_cycle': 50, 'throughput_list': [1.0], 'order_response_rate_episode': [0.05527638190954774], 'episode_rewards': [728.4982914511966]}
2025-11-11 23:49:17,506 [INFO] flexload - Config loaded from configs/default.yaml
2025-11-11 23:49:18,052 [INFO] flexload - Run 1/1 starting...
2025-11-11 23:49:18,314 [INFO] flexload - Run 1 throughput=1.0000, achieve=9, fail=0
2025-11-11 23:49:18,406 [INFO] flexload - Simulation finished. summary={'model': 'KaiS', 'run_times': 1, 'break_point': 50, 'cho_cycle': 10, 'throughput_list': [1.0], 'order_response_rate_episode': [0.14285714285714285], 'episode_rewards': [183.0132967410633]}
2025-11-12 00:03:09,273 [INFO] flexload - Config loaded from FlexLoad-Code/configs/default.yaml
2025-11-12 00:03:09,817 [INFO] flexload - Run 1/1 starting...
2025-11-12 00:03:10,013 [INFO] flexload - Run 1 throughput=1.0000, achieve=9, fail=0
2025-11-12 00:03:10,105 [INFO] flexload - Simulation finished. summary={'model': 'KaiS', 'run_times': 1, 'break_point': 50, 'cho_cycle': 10, 'throughput_list': [1.0], 'order_response_rate_episode': [0.14285714285714285], 'episode_rewards': [183.0132967410633]}
2025-11-12 10:40:38,159 [INFO] flexload - Config loaded from FlexLoad-Code/configs/default.yaml
2025-11-12 10:40:38,699 [INFO] flexload - Run 1/1 starting...
2025-11-12 10:40:39,009 [INFO] flexload - Run 1 throughput=1.0000, achieve=6, fail=0
2025-11-12 10:40:39,013 [INFO] flexload - Simulation finished. summary={'model': 'KaiS', 'run_times': 1, 'break_point': 60, 'cho_cycle': 20, 'throughput_list': [1.0], 'order_response_rate_episode': [0.1016949152542373], 'episode_rewards': [214.93058648333542]}
2025-11-12 10:41:13,743 [INFO] flexload - Config loaded from FlexLoad-Code/configs/default.yaml
2025-11-12 10:41:14,267 [INFO] flexload - Run 1/1 starting...
2025-11-12 10:41:14,363 [INFO] flexload - Run 1 throughput=0.0000, achieve=0, fail=0
2025-11-12 10:41:14,366 [INFO] flexload - Simulation finished. summary={'model': 'UCB', 'run_times': 1, 'break_point': 30, 'cho_cycle': 10, 'throughput_list': [0.0], 'order_response_rate_episode': [0.0], 'episode_rewards': [116.0]}
2025-11-12 10:41:20,941 [INFO] flexload - Config loaded from FlexLoad-Code/configs/default.yaml
2025-11-12 10:41:21,475 [INFO] flexload - Run 1/1 starting...
2025-11-12 10:41:21,538 [INFO] flexload - Run 1 throughput=1.0000, achieve=3, fail=0
2025-11-12 10:41:21,541 [INFO] flexload - Simulation finished. summary={'model': 'DQN', 'run_times': 1, 'break_point': 30, 'cho_cycle': 10, 'throughput_list': [1.0], 'order_response_rate_episode': [0.10344827586206896], 'episode_rewards': [107.82808007580483]}
2025-11-12 10:41:27,145 [INFO] flexload - Config loaded from FlexLoad-Code/configs/default.yaml
2025-11-12 10:41:27,689 [INFO] flexload - Run 1/1 starting...
2025-11-12 10:41:29,299 [INFO] flexload - Run 1 throughput=1.0000, achieve=8, fail=0
2025-11-12 10:41:29,302 [INFO] flexload - Simulation finished. summary={'model': 'generic', 'run_times': 1, 'break_point': 30, 'cho_cycle': 10, 'throughput_list': [1.0], 'order_response_rate_episode': [0.20689655172413793], 'episode_rewards': [107.8093029232555]}
2025-11-12 10:41:36,050 [INFO] flexload - Config loaded from FlexLoad-Code/configs/default.yaml
2025-11-12 10:41:36,583 [INFO] flexload - Run 1/1 starting...
2025-11-12 10:41:36,642 [INFO] flexload - Run 1 throughput=1.0000, achieve=4, fail=0
2025-11-12 10:41:36,645 [INFO] flexload - Simulation finished. summary={'model': 'Random', 'run_times': 1, 'break_point': 30, 'cho_cycle': 10, 'throughput_list': [1.0], 'order_response_rate_episode': [0.10344827586206896], 'episode_rewards': [108.03201875178816]}
2025-11-12 10:41:41,946 [INFO] flexload - Config loaded from FlexLoad-Code/configs/default.yaml
2025-11-12 10:41:42,489 [INFO] flexload - Run 1/1 starting...
2025-11-12 10:41:42,587 [INFO] flexload - Run 1 throughput=0.0000, achieve=0, fail=0
2025-11-12 10:41:42,590 [INFO] flexload - Simulation finished. summary={'model': 'UCB_predict', 'run_times': 1, 'break_point': 30, 'cho_cycle': 10, 'throughput_list': [0.0], 'order_response_rate_episode': [0.0], 'episode_rewards': [116.0]}
2025-11-12 10:48:46,751 [INFO] flexload - Config loaded from FlexLoad-Code/configs/default.yaml
2025-11-12 10:48:47,335 [INFO] flexload - Informer loaded from best_informer_model.pth
2025-11-12 10:48:47,335 [INFO] flexload - Run 1/1 starting...
2025-11-12 10:48:49,706 [INFO] flexload - Run 1 throughput=0.8000, achieve=4, fail=1
2025-11-12 10:48:49,710 [INFO] flexload - Simulation finished. summary={'model': 'UCB_predict', 'run_times': 1, 'break_point': 60, 'cho_cycle': 20, 'throughput_list': [0.8], 'order_response_rate_episode': [0.06779661016949153], 'episode_rewards': [214.57987804571448]}
2025-11-18 11:42:17,211 [INFO] flexload - Config loaded from FlexLoad-Code/configs/default.yaml
2025-11-18 11:42:27,707 [INFO] flexload - Informer loaded from best_informer_model.pth
2025-11-18 11:42:27,707 [INFO] flexload - Run 1/1 starting...
2025-11-18 11:42:31,188 [INFO] flexload - Run 1 throughput=0.8000, achieve=4, fail=1
2025-11-18 11:42:31,188 [INFO] flexload - Run 1 QVR_time_rate=0.150000
2025-11-18 11:42:31,284 [INFO] flexload - Decision latency avg=42.043ms, p95=94.823ms, samples=80
2025-11-18 11:42:31,284 [INFO] flexload - QVR_time_rate=0.150000, QVR_task_rate=0.200000
2025-11-18 11:42:31,285 [INFO] flexload - Simulation finished. summary={'model': 'UCB_predict', 'run_times': 1, 'break_point': 80, 'cho_cycle': 20, 'throughput_list': [0.8], 'order_response_rate_episode': [0.05063291139240506], 'episode_rewards': [287.24047018698536], 'qvr_time_rate': 0.15, 'qvr_task_rate': 0.2, 'decision_latency_avg_ms': 42.04261144041084, 'decision_latency_p95_ms': 94.82268665451556, 'decision_latency_count': 80}
2025-11-18 11:53:50,861 [INFO] flexload - Config loaded from FlexLoad-Code/configs/default.yaml
2025-11-18 11:53:51,475 [INFO] flexload - Informer loaded from best_informer_model.pth
2025-11-18 11:53:51,475 [INFO] flexload - Network trace file not found: trace.csv, disable network dimension.
2025-11-18 11:53:51,475 [INFO] flexload - Run 1/1 starting...
2025-11-18 11:53:54,185 [INFO] flexload - Run 1 throughput=0.8000, achieve=4, fail=1
2025-11-18 11:53:54,185 [INFO] flexload - Run 1 QVR_time_rate=0.166667
2025-11-18 11:53:54,192 [INFO] flexload - Decision latency avg=42.532ms, p95=97.009ms, samples=60
2025-11-18 11:53:54,192 [INFO] flexload - QVR_time_rate=0.166667, QVR_task_rate=0.200000
2025-11-18 11:53:54,192 [INFO] flexload - QVR_network_only_rate=0.166667
2025-11-18 11:53:54,193 [INFO] flexload - Simulation finished. summary={'model': 'UCB_predict', 'run_times': 1, 'break_point': 60, 'cho_cycle': 20, 'throughput_list': [0.8], 'order_response_rate_episode': [0.06779661016949153], 'episode_rewards': [214.57987804571448], 'qvr_time_rate': 0.16666666666666666, 'qvr_task_rate': 0.2, 'qvr_network_only_rate': 0.16666666666666666, 'decision_latency_avg_ms': 42.532349416675665, 'decision_latency_p95_ms': 97.00931389816105, 'decision_latency_count': 60}
2025-11-18 11:54:30,059 [INFO] flexload - Config loaded from FlexLoad-Code/configs/default.yaml
2025-11-18 11:54:30,686 [INFO] flexload - Informer loaded from best_informer_model.pth
2025-11-18 11:54:30,686 [INFO] flexload - Network trace file not found: trace.csv, disable network dimension.
2025-11-18 11:54:30,686 [INFO] flexload - Run 1/1 starting...
2025-11-18 11:54:33,283 [INFO] flexload - Run 1 throughput=0.8000, achieve=4, fail=1
2025-11-18 11:54:33,283 [INFO] flexload - Run 1 QVR_time_rate=0.166667
2025-11-18 11:54:33,379 [INFO] flexload - Decision latency avg=40.653ms, p95=95.364ms, samples=60
2025-11-18 11:54:33,379 [INFO] flexload - QVR_time_rate=0.166667, QVR_task_rate=0.200000
2025-11-18 11:54:33,379 [INFO] flexload - QVR_network_only_rate=0.000000
2025-11-18 11:54:33,381 [INFO] flexload - Simulation finished. summary={'model': 'UCB_predict', 'run_times': 1, 'break_point': 60, 'cho_cycle': 20, 'throughput_list': [0.8], 'order_response_rate_episode': [0.06779661016949153], 'episode_rewards': [214.57987804571448], 'qvr_time_rate': 0.16666666666666666, 'qvr_task_rate': 0.2, 'qvr_network_only_rate': 0.0, 'decision_latency_avg_ms': 40.65310677203039, 'decision_latency_p95_ms': 95.36422577220947, 'decision_latency_count': 60}
2025-11-18 11:55:14,456 [INFO] flexload - Config loaded from FlexLoad-Code/configs/default.yaml
2025-11-18 11:55:15,065 [INFO] flexload - Informer loaded from best_informer_model.pth
2025-11-18 11:55:15,065 [INFO] flexload - Network trace file not found: FlexLoad-Code/trace.csv, disable network dimension.
2025-11-18 11:55:15,065 [INFO] flexload - Run 1/1 starting...
2025-11-18 11:55:17,787 [INFO] flexload - Run 1 throughput=0.8000, achieve=4, fail=1
2025-11-18 11:55:17,788 [INFO] flexload - Run 1 QVR_time_rate=0.166667
2025-11-18 11:55:17,885 [INFO] flexload - Decision latency avg=42.758ms, p95=95.917ms, samples=60
2025-11-18 11:55:17,885 [INFO] flexload - QVR_time_rate=0.166667, QVR_task_rate=0.200000
2025-11-18 11:55:17,885 [INFO] flexload - QVR_network_only_rate=0.000000
2025-11-18 11:55:17,887 [INFO] flexload - Simulation finished. summary={'model': 'UCB_predict', 'run_times': 1, 'break_point': 60, 'cho_cycle': 20, 'throughput_list': [0.8], 'order_response_rate_episode': [0.06779661016949153], 'episode_rewards': [214.57987804571448], 'qvr_time_rate': 0.16666666666666666, 'qvr_task_rate': 0.2, 'qvr_network_only_rate': 0.0, 'decision_latency_avg_ms': 42.75838229029129, 'decision_latency_p95_ms': 95.9172110306099, 'decision_latency_count': 60}
2025-11-18 11:55:27,745 [INFO] flexload - Config loaded from FlexLoad-Code/configs/default.yaml
2025-11-18 11:55:28,346 [INFO] flexload - Informer loaded from best_informer_model.pth
2025-11-18 11:55:28,346 [INFO] flexload - Network trace loaded: trace.csv, steps=60
2025-11-18 11:55:28,346 [INFO] flexload - Run 1/1 starting...
2025-11-18 11:55:30,888 [INFO] flexload - Run 1 throughput=0.8000, achieve=4, fail=1
2025-11-18 11:55:30,888 [INFO] flexload - Run 1 QVR_time_rate=0.144444
2025-11-18 11:55:30,984 [INFO] flexload - Decision latency avg=41.167ms, p95=96.980ms, samples=60
2025-11-18 11:55:30,984 [INFO] flexload - QVR_time_rate=0.144444, QVR_task_rate=0.200000
2025-11-18 11:55:30,984 [INFO] flexload - QVR_network_only_rate=0.000000
2025-11-18 11:55:30,986 [INFO] flexload - Simulation finished. summary={'model': 'UCB_predict', 'run_times': 1, 'break_point': 60, 'cho_cycle': 20, 'throughput_list': [0.8], 'order_response_rate_episode': [0.06779661016949153], 'episode_rewards': [214.57987804571448], 'qvr_time_rate': 0.14444444444444443, 'qvr_task_rate': 0.2, 'qvr_network_only_rate': 0.0, 'decision_latency_avg_ms': 41.16746289655566, 'decision_latency_p95_ms': 96.97985844686627, 'decision_latency_count': 60}
